This is pdfTeX, Version 3.14159265-2.6-1.40.19 (TeX Live 2018/W32TeX) (preloaded format=latex 2018.7.6)  7 OCT 2018 06:00
entering extended mode
 restricted \write18 enabled.
 %&-line parsing enabled.
**\makeatletter\def\HCode{\futurelet\HCode\HChar}\def\HChar{\ifx\HCode\def\HCod
e##1{\Link##1}\expandafter\HCode\else\expandafter\Link\fi}\def\Link#1.a.b.c.{\g
@addto@macro\@documentclasshook{\RequirePackage[#1,html]{tex4ht}}\let\HCode\doc
umentstyle\def\documentstyle{\let\documentstyle\HCode\expandafter\def\csname te
x4ht\endcsname{#1,html}\def\HCode####1{\documentstyle[tex4ht,}\@ifnextchar[{\HC
ode}{\documentstyle[tex4ht]}}}\makeatother\HCode .a.b.c.\input  hacknc2018.tex
(./hacknc2018.tex (c:/texlive/2018/texmf-dist/tex/latex/base/article.cls
Document Class: article 2014/09/29 v1.4h Standard LaTeX document class
(c:/texlive/2018/texmf-dist/tex/latex/base/size10.clo
File: size10.clo 2014/09/29 v1.4h Standard LaTeX file (size option)
)
\c@part=\count80
\c@section=\count81
\c@subsection=\count82
\c@subsubsection=\count83
\c@paragraph=\count84
\c@subparagraph=\count85
\c@figure=\count86
\c@table=\count87
\abovecaptionskip=\skip41
\belowcaptionskip=\skip42
\bibindent=\dimen102
)
(c:/texlive/2018/texmf-dist/tex/generic/tex4ht/tex4ht.sty
version 2018-06-12-16:01
Package: tex4ht 
--------------------------------------
--- Note --- for _ at preamble, use the command line option `early_'
--------------------------------------
--------------------------------------
--- Note --- for ^ at preamble, use the command line option `early^'
--------------------------------------
\tmp:toks=\toks14
)
(c:/texlive/2018/texmf-dist/tex/generic/tex4ht/usepackage.4ht)
(c:/texlive/2018/texmf-dist/tex/latex/base/inputenc.sty
Package: inputenc 2018/04/06 v1.3b Input encoding file
\inpenc@prehook=\toks15
\inpenc@posthook=\toks16
)
(c:/texlive/2018/texmf-dist/tex/latex/amsmath/amsmath.sty
Package: amsmath 2017/09/02 v2.17a AMS math features
\@mathmargin=\skip43

For additional information on amsmath, use the `?' option.
(c:/texlive/2018/texmf-dist/tex/latex/amsmath/amstext.sty
Package: amstext 2000/06/29 v2.01 AMS text

(c:/texlive/2018/texmf-dist/tex/latex/amsmath/amsgen.sty
File: amsgen.sty 1999/11/30 v2.0 generic functions
\@emptytoks=\toks17
\ex@=\dimen103
))
(c:/texlive/2018/texmf-dist/tex/latex/amsmath/amsbsy.sty
Package: amsbsy 1999/11/29 v1.2d Bold Symbols
\pmbraise@=\dimen104
)
(c:/texlive/2018/texmf-dist/tex/latex/amsmath/amsopn.sty
Package: amsopn 2016/03/08 v2.02 operator names
)
\inf@bad=\count88
LaTeX Info: Redefining \frac on input line 213.
\uproot@=\count89
\leftroot@=\count90
LaTeX Info: Redefining \overline on input line 375.
\classnum@=\count91
\DOTSCASE@=\count92
LaTeX Info: Redefining \ldots on input line 472.
LaTeX Info: Redefining \dots on input line 475.
LaTeX Info: Redefining \cdots on input line 596.
\Mathstrutbox@=\box26
\strutbox@=\box27
\big@size=\dimen105
LaTeX Font Info:    Redeclaring font encoding OML on input line 712.
LaTeX Font Info:    Redeclaring font encoding OMS on input line 713.
\macc@depth=\count93
\c@MaxMatrixCols=\count94
\dotsspace@=\muskip10
\c@parentequation=\count95
\dspbrk@lvl=\count96
\tag@help=\toks18
\row@=\count97
\column@=\count98
\maxfields@=\count99
\andhelp@=\toks19
\eqnshift@=\dimen106
\alignsep@=\dimen107
\tagshift@=\dimen108
\tagwidth@=\dimen109
\totwidth@=\dimen110
\lineht@=\dimen111
\@envbody=\toks20
\multlinegap=\skip44
\multlinetaggap=\skip45
\mathdisplay@stack=\toks21
LaTeX Info: Redefining \[ on input line 2817.
LaTeX Info: Redefining \] on input line 2818.
)
(c:/texlive/2018/texmf-dist/tex/generic/tex4ht/tex4ht.4ht
version 2018-06-12-16:03
--------------------------------------
--- Note --- for additional information, use the command line option `info'
--------------------------------------

::::::::::::::::::::::::::::::::::::::::::
 TeX4ht info is available in the log file 
::::::::::::::::::::::::::::::::::::::::::
) (c:/texlive/2018/texmf-dist/tex/generic/tex4ht/tex4ht.sty
version 2018-06-12-16:01

--- needs --- tex4ht hacknc2018 ---
\tmp:cnt=\count100
\openout15 = `hacknc2018.tmp'.

(./hacknc2018.tmp)
\tmp:dim=\skip46
--------------------------------------
--- Note --- for XML code, use the command line option `xml' or `xhtml'
--------------------------------------
 (./hacknc2018.xref)
\:refout=\write3
\openout3 = `hacknc2018.xref'.


(c:/texlive/2018/texmf-dist/tex/generic/tex4ht/html4.4ht
version 2018-06-12-16:02
--------------------------------------
--- Note --- to remove the <?xml version=...?> processing instruction use the c
ommand line option `no-VERSION'
--------------------------------------
--------------------------------------
--- Note --- to remove the DOCTYPE declaration use the command line option `no-
DOCTYPE'
--------------------------------------
)
(c:/texlive/2018/texmf-dist/tex/generic/tex4ht/html4-math.4ht
version 2017-03-30-16:04
)
--------------------------------------
--- Note --- for marking of the base font, use the command line option `fonts+'

--------------------------------------
--------------------------------------
--- Note --- for non active _, use the command line option `no_'
--------------------------------------
--------------------------------------
--- Note --- for _ of catcode 13, use the command line option `_13'
--------------------------------------
--------------------------------------
--- Note --- for non active ^, use the command line option `no^'
--------------------------------------
--------------------------------------
--- Note --- for ^ of catcode 13, use the command line option `^13'
--------------------------------------

(c:/texlive/2018/texmf-dist/tex/generic/tex4ht/html4.4ht
version 2018-06-12-16:02
--------------------------------------
--- Note --- for alternative charset, use the command line option `charset=...'

--------------------------------------
--------------------------------------
--- Note --- to ignore CSS font decoration, use the `NoFonts' command line opti
on
--------------------------------------
--------------------------------------
--- Note --- for jpg bitmaps of pictures, use the `jpg' command line option. (C
haracter bitmaps are controled only by `g' records of tex4ht.env and `-g' switc
hes of tex4ht.c) 
--------------------------------------
--------------------------------------
--- Note --- for gif bitmaps of pictures, use the `gif' command line option. (C
haracter bitmaps are controled only by `g' records of tex4ht.env and `-g' switc
hes of tex4ht.c) 
--------------------------------------
--------------------------------------
--- Note --- for content and toc in 2 frames, use the command line option `fram
es'
--------------------------------------
--------------------------------------
--- Note --- for content, toc, and footnotes in 3 frames, use the command line 
option `frames-fn'
--------------------------------------
--------------------------------------
--- Note --- for file extension name xht, use the command line option `xht'
--------------------------------------
TeX4ht package options: html
--------------------------------------
--- Note --- To print a timestamp, use the command line option timestamp
--------------------------------------
--------------------------------------
--- Note --- to ignore CSS code, use the command line option `-css
--------------------------------------
--------------------------------------
--- Note --- for inline CSS code, use the command line option `css-in'
--------------------------------------
--------------------------------------
--- Note --- for pop ups on mouse over, use the command line option `mouseover'

--------------------------------------
--------------------------------------
--- Note --- for addressing images in a subdirectory, use the command line opti
on `imgdir:.../'
--------------------------------------
)
(c:/texlive/2018/texmf-dist/tex/generic/tex4ht/html4-math.4ht
version 2017-03-30-16:04
)
\:tokwrite=\toks22
\:tokpage=\toks23
--------------------------------------
--- Note --- for back links to toc, use the command line option `sections+'
--------------------------------------
--------------------------------------
--- Note --- for linear crosslinks of pages, use the command line option `next'

--------------------------------------
\openout15 = `hacknc2018.4ct'.

\:tocout=\write4
\openout4 = `hacknc2018.4tc'.


(c:/texlive/2018/texmf-dist/tex/generic/tex4ht/html4.4ht
version 2018-06-12-16:02
)
(c:/texlive/2018/texmf-dist/tex/generic/tex4ht/html4-math.4ht
version 2017-03-30-16:04
)
(c:/texlive/2018/texmf-dist/tex/generic/tex4ht/latex.4ht
version 2018-06-12-16:01
LaTeX Info: Redefining \_ on input line 168.
--------------------------------------
--- Note --- for links into captions, instead of float heads, use the command l
ine option `refcaption'
--------------------------------------

(c:/texlive/2018/texmf-dist/tex/generic/tex4ht/html4.4ht
version 2018-06-12-16:02
)
(c:/texlive/2018/texmf-dist/tex/generic/tex4ht/html4-math.4ht
version 2017-03-30-16:04
)
(c:/texlive/2018/texmf-dist/tex/generic/tex4ht/html4.4ht
version 2018-06-12-16:02
--------------------------------------
--- Note --- For mini tocs immediately aftter the header use the command line o
ption `minitoc<'
--------------------------------------
--------------------------------------
--- Note --- for enumerated list elements with valued data, use the command lin
e option `enumerate+'
--------------------------------------
--------------------------------------
--- Note --- for enumerated list elements li's with value attributes, use the c
ommand line option `enumerate-'
--------------------------------------
--------------------------------------
--- Note --- for CSS2 code, use the command line option `css2'
--------------------------------------
--------------------------------------
--- Note --- for pictorial tabular, use the command line option `pic-tabular'
--------------------------------------
--------------------------------------
--- Note --- for bitmap fbox'es, use the command line option `pic-fbox'
--------------------------------------
--------------------------------------
--- Note --- for bitmap framebox'es, use the command line option `pic-framebox'

--------------------------------------
--------------------------------------
--- Note --- for inline footnotes use command line option `fn-in'
--------------------------------------
--------------------------------------
--- Note --- for tracing of latex font commands, use the command line option `f
onts'
--------------------------------------
--------------------------------------
--- Note --- for width specifications of tabular p entries, use the `p-width' c
ommand line option or a configuration similar to \Configure{HColWidth}{\HCode{ 
style="width:\HColWidth"}}
--------------------------------------
)
(c:/texlive/2018/texmf-dist/tex/generic/tex4ht/html4-math.4ht
version 2017-03-30-16:04
--------------------------------------
--- Note --- for pictorial eqnarray, use the command line option `pic-eqnarray'

--------------------------------------
--------------------------------------
--- Note --- for pictorial array, use the command line option `pic-array'
--------------------------------------
--------------------------------------
--- Note --- for pictorial $...$ environments, use the command line option `pic
-m' (not recommended!!)
--------------------------------------
--------------------------------------
--- Note --- for pictorial $...$ and $$...$$ environments with latex alt, use t
he command line option `pic-m+' (not safe!!)
--------------------------------------
--------------------------------------
--- Note --- for pictorial array, use the command line option `pic-array'
--------------------------------------
))
(c:/texlive/2018/texmf-dist/tex/generic/tex4ht/fontmath.4ht
version 2009-05-21-09:32

(c:/texlive/2018/texmf-dist/tex/generic/tex4ht/html4.4ht
version 2018-06-12-16:02
)
(c:/texlive/2018/texmf-dist/tex/generic/tex4ht/html4-math.4ht
version 2017-03-30-16:04
))
(c:/texlive/2018/texmf-dist/tex/generic/tex4ht/article.4ht
(c:/texlive/2018/texmf-dist/tex/generic/tex4ht/html4.4ht
version 2018-06-12-16:02
--------------------------------------
--- Note --- for automatic sectioning pagination, use the command line option `
1', `2', `3', '4', '5', '6', or '7'
--------------------------------------
--------------------------------------
--- Note --- for files named derived from section titles, use the command line 
option `sec-filename'
--------------------------------------
--------------------------------------
--- Note --- for i-columns index, use the command line option `index=i' (e.g., 
index=2)
--------------------------------------
)
(c:/texlive/2018/texmf-dist/tex/generic/tex4ht/html4-math.4ht
version 2017-03-30-16:04
))
(c:/texlive/2018/texmf-dist/tex/generic/tex4ht/inputenc.4ht
version 2009-05-21-09:32

(c:/texlive/2018/texmf-dist/tex/generic/tex4ht/html4.4ht
version 2018-06-12-16:02
)
(c:/texlive/2018/texmf-dist/tex/generic/tex4ht/html4-math.4ht
version 2017-03-30-16:04
))
(c:/texlive/2018/texmf-dist/tex/generic/tex4ht/amsmath.4ht
version 2009-05-21-09:32
\tmp:muskip=\muskip11

(c:/texlive/2018/texmf-dist/tex/generic/tex4ht/html4.4ht
version 2018-06-12-16:02
)
(c:/texlive/2018/texmf-dist/tex/generic/tex4ht/html4-math.4ht
version 2017-03-30-16:04
))
(c:/texlive/2018/texmf-dist/tex/generic/tex4ht/amstext.4ht
version 2009-05-21-09:32

(c:/texlive/2018/texmf-dist/tex/generic/tex4ht/html4.4ht
version 2018-06-12-16:02
)
(c:/texlive/2018/texmf-dist/tex/generic/tex4ht/html4-math.4ht
version 2017-03-30-16:04
))
(c:/texlive/2018/texmf-dist/tex/generic/tex4ht/amsbsy.4ht
version 2009-05-21-09:32

(c:/texlive/2018/texmf-dist/tex/generic/tex4ht/html4.4ht
version 2018-06-12-16:02
)
(c:/texlive/2018/texmf-dist/tex/generic/tex4ht/html4-math.4ht
version 2017-03-30-16:04
))
(c:/texlive/2018/texmf-dist/tex/generic/tex4ht/amsopn.4ht
version 2009-05-21-09:32

(c:/texlive/2018/texmf-dist/tex/generic/tex4ht/html4.4ht
version 2018-06-12-16:02
)
(c:/texlive/2018/texmf-dist/tex/generic/tex4ht/html4-math.4ht
version 2017-03-30-16:04
))
(c:/texlive/2018/texmf-dist/tex/generic/tex4ht/html4.4ht
version 2018-06-12-16:02
)
(c:/texlive/2018/texmf-dist/tex/generic/tex4ht/html4-math.4ht
version 2017-03-30-16:04
))
(./hacknc2018.aux)
\openout1 = `hacknc2018.aux'.

LaTeX Font Info:    Checking defaults for OML/cmm/m/it on input line 8.
LaTeX Font Info:    ... okay on input line 8.
LaTeX Font Info:    Checking defaults for T1/cmr/m/n on input line 8.
LaTeX Font Info:    ... okay on input line 8.
LaTeX Font Info:    Checking defaults for OT1/cmr/m/n on input line 8.
LaTeX Font Info:    ... okay on input line 8.
LaTeX Font Info:    Checking defaults for OMS/cmsy/m/n on input line 8.
LaTeX Font Info:    ... okay on input line 8.
LaTeX Font Info:    Checking defaults for OMX/cmex/m/n on input line 8.
LaTeX Font Info:    ... okay on input line 8.
LaTeX Font Info:    Checking defaults for U/cmr/m/n on input line 8.
LaTeX Font Info:    ... okay on input line 8.
--- file hacknc2018.css ---
 [1

] [2]
l. 19 Writing hacknc2018.idv[1] (hacknc20180x.png)
 [3]
l. 24 Writing hacknc2018.idv[2] (hacknc20181x.png)
 [4]
l. 36 Writing hacknc2018.idv[3] (hacknc20182x.png)
 [5] [6] (./hacknc2018.aux) ) 
Here is how much of TeX's memory you used:
 4626 strings out of 492647
 51079 string characters out of 6133352
 251321 words of memory out of 5000000
 8474 multiletter control sequences out of 15000+600000
 9230 words of font info for 34 fonts, out of 8000000 for 9000
 1141 hyphenation exceptions out of 8191
 30i,9n,26p,1891b,506s stack positions out of 5000i,500n,10000p,200000b,80000s

Output written on hacknc2018.dvi (6 pages, 21340 bytes).
